<?xml version="1.0" encoding="UTF-8"?>
<!-- Generated by org.testng.reporters.JUnitReportReporter -->
<testsuite hostname="bdfb9a0de2a05fc" failures="0" tests="5" name="tests.TestExamples" time="3.894" errors="0" timestamp="2023-08-25T13:17:25 IST" skipped="0">
  <testcase classname="tests.TestExamples" name="login_Failed_withoutEmail" time="0.514"/>
  <testcase classname="tests.TestExamples" name="login_Failed_withoutPassword" time="0.500"/>
  <testcase classname="tests.TestExamples" name="login_Failed_InvalidEmail" time="1.950"/>
  <testcase classname="tests.TestExamples" name="login_success" time="0.461"/>
  <testcase classname="tests.TestExamples" name="login_Failed_NotExistsAccount" time="0.469"/>
</testsuite> <!-- tests.TestExamples -->
